<?xml version="1.0" encoding="UTF-8"?>
<coverage generated="1660822058736" clover="3.2.0">
  <project timestamp="1660822058736" name="All files">
    <metrics statements="47" coveredstatements="47" conditionals="10" coveredconditionals="10" methods="7" coveredmethods="7" elements="64" coveredelements="64" complexity="0" loc="47" ncloc="47" packages="1" files="1" classes="1"/>
    <file name="RomanNumeral.js" path="C:\Users\Patrick\DEV\2_JavaScript\2_dev_perso\38-kata-TDD\41-roman-numeral-kata-to-save-git\kata\RomanNumeral.js">
      <metrics statements="47" coveredstatements="47" conditionals="10" coveredconditionals="10" methods="7" coveredmethods="7"/>
      <line num="1" count="1" type="stmt"/>
      <line num="2" count="1" type="stmt"/>
      <line num="3" count="1" type="cond" truecount="1" falsecount="0"/>
      <line num="4" count="1" type="stmt"/>
      <line num="5" count="1" type="stmt"/>
      <line num="6" count="1" type="stmt"/>
      <line num="7" count="1" type="stmt"/>
      <line num="8" count="1" type="stmt"/>
      <line num="9" count="1" type="cond" truecount="1" falsecount="0"/>
      <line num="10" count="21" type="stmt"/>
      <line num="11" count="21" type="stmt"/>
      <line num="12" count="21" type="stmt"/>
      <line num="13" count="21" type="stmt"/>
      <line num="14" count="21" type="stmt"/>
      <line num="15" count="21" type="stmt"/>
      <line num="16" count="21" type="stmt"/>
      <line num="17" count="21" type="stmt"/>
      <line num="18" count="21" type="stmt"/>
      <line num="19" count="1" type="cond" truecount="1" falsecount="0"/>
      <line num="20" count="21" type="stmt"/>
      <line num="21" count="21" type="stmt"/>
      <line num="22" count="1" type="stmt"/>
      <line num="23" count="1" type="cond" truecount="1" falsecount="0"/>
      <line num="24" count="21" type="cond" truecount="1" falsecount="0"/>
      <line num="25" count="147" type="stmt"/>
      <line num="26" count="147" type="stmt"/>
      <line num="27" count="147" type="stmt"/>
      <line num="28" count="21" type="stmt"/>
      <line num="29" count="1" type="cond" truecount="1" falsecount="0"/>
      <line num="30" count="21" type="stmt"/>
      <line num="31" count="21" type="cond" truecount="1" falsecount="0"/>
      <line num="32" count="147" type="stmt"/>
      <line num="33" count="147" type="stmt"/>
      <line num="34" count="147" type="stmt"/>
      <line num="35" count="21" type="stmt"/>
      <line num="36" count="1" type="cond" truecount="1" falsecount="0"/>
      <line num="37" count="147" type="cond" truecount="1" falsecount="0"/>
      <line num="38" count="79" type="stmt"/>
      <line num="39" count="79" type="stmt"/>
      <line num="40" count="147" type="stmt"/>
      <line num="41" count="1" type="cond" truecount="1" falsecount="0"/>
      <line num="42" count="21" type="stmt"/>
      <line num="43" count="21" type="stmt"/>
      <line num="44" count="21" type="stmt"/>
      <line num="45" count="1" type="stmt"/>
      <line num="46" count="1" type="stmt"/>
      <line num="47" count="1" type="stmt"/>
    </file>
  </project>
</coverage>
