{"C:\\Users\\Patrick\\DEV\\2_JavaScript\\2_dev_perso\\38-kata-TDD\\41-roman-numeral-kata-to-save-git\\kata\\RomanNumeral.js": {"path":"C:\\Users\\Patrick\\DEV\\2_JavaScript\\2_dev_perso\\38-kata-TDD\\41-roman-numeral-kata-to-save-git\\kata\\RomanNumeral.js","all":false,"statementMap":{"0":{"start":{"line":1,"column":0},"end":{"line":1,"column":20}},"1":{"start":{"line":2,"column":0},"end":{"line":2,"column":0}},"2":{"start":{"line":3,"column":0},"end":{"line":3,"column":13}},"3":{"start":{"line":4,"column":0},"end":{"line":4,"column":33}},"4":{"start":{"line":5,"column":0},"end":{"line":5,"column":33}},"5":{"start":{"line":6,"column":0},"end":{"line":6,"column":37}},"6":{"start":{"line":7,"column":0},"end":{"line":7,"column":46}},"7":{"start":{"line":8,"column":0},"end":{"line":8,"column":0}},"8":{"start":{"line":9,"column":0},"end":{"line":9,"column":49}},"9":{"start":{"line":10,"column":0},"end":{"line":10,"column":46}},"10":{"start":{"line":11,"column":0},"end":{"line":11,"column":0}},"11":{"start":{"line":12,"column":0},"end":{"line":12,"column":45}},"12":{"start":{"line":13,"column":0},"end":{"line":13,"column":36}},"13":{"start":{"line":14,"column":0},"end":{"line":14,"column":8}},"14":{"start":{"line":15,"column":0},"end":{"line":15,"column":31}},"15":{"start":{"line":16,"column":0},"end":{"line":16,"column":0}},"16":{"start":{"line":17,"column":0},"end":{"line":17,"column":44}},"17":{"start":{"line":18,"column":0},"end":{"line":18,"column":6}},"18":{"start":{"line":19,"column":0},"end":{"line":19,"column":37}},"19":{"start":{"line":20,"column":0},"end":{"line":20,"column":39}},"20":{"start":{"line":21,"column":0},"end":{"line":21,"column":6}},"21":{"start":{"line":22,"column":0},"end":{"line":22,"column":4}},"22":{"start":{"line":23,"column":0},"end":{"line":23,"column":26}},"23":{"start":{"line":24,"column":0},"end":{"line":24,"column":36}},"24":{"start":{"line":25,"column":0},"end":{"line":25,"column":70}},"25":{"start":{"line":26,"column":0},"end":{"line":26,"column":30}},"26":{"start":{"line":27,"column":0},"end":{"line":27,"column":11}},"27":{"start":{"line":28,"column":0},"end":{"line":28,"column":6}},"28":{"start":{"line":29,"column":0},"end":{"line":29,"column":27}},"29":{"start":{"line":30,"column":0},"end":{"line":30,"column":17}},"30":{"start":{"line":31,"column":0},"end":{"line":31,"column":36}},"31":{"start":{"line":32,"column":0},"end":{"line":32,"column":91}},"32":{"start":{"line":33,"column":0},"end":{"line":33,"column":15}},"33":{"start":{"line":34,"column":0},"end":{"line":34,"column":11}},"34":{"start":{"line":35,"column":0},"end":{"line":35,"column":6}},"35":{"start":{"line":36,"column":0},"end":{"line":36,"column":40}},"36":{"start":{"line":37,"column":0},"end":{"line":37,"column":38}},"37":{"start":{"line":38,"column":0},"end":{"line":38,"column":54}},"38":{"start":{"line":39,"column":0},"end":{"line":39,"column":10}},"39":{"start":{"line":40,"column":0},"end":{"line":40,"column":6}},"40":{"start":{"line":41,"column":0},"end":{"line":41,"column":22}},"41":{"start":{"line":42,"column":0},"end":{"line":42,"column":89}},"42":{"start":{"line":43,"column":0},"end":{"line":43,"column":88}},"43":{"start":{"line":44,"column":0},"end":{"line":44,"column":6}},"44":{"start":{"line":45,"column":0},"end":{"line":45,"column":1}},"45":{"start":{"line":46,"column":0},"end":{"line":46,"column":0}},"46":{"start":{"line":47,"column":0},"end":{"line":47,"column":30}}},"s":{"0":1,"1":1,"2":1,"3":1,"4":1,"5":1,"6":1,"7":1,"8":1,"9":21,"10":21,"11":21,"12":21,"13":21,"14":21,"15":21,"16":21,"17":21,"18":1,"19":21,"20":21,"21":1,"22":1,"23":21,"24":147,"25":147,"26":147,"27":21,"28":1,"29":21,"30":21,"31":147,"32":147,"33":147,"34":21,"35":1,"36":147,"37":79,"38":79,"39":147,"40":1,"41":21,"42":21,"43":21,"44":1,"45":1,"46":1},"branchMap":{"0":{"type":"branch","line":3,"loc":{"start":{"line":3,"column":4},"end":{"line":7,"column":17}},"locations":[{"start":{"line":3,"column":4},"end":{"line":7,"column":17}}]},"1":{"type":"branch","line":9,"loc":{"start":{"line":9,"column":4},"end":{"line":18,"column":6}},"locations":[{"start":{"line":9,"column":4},"end":{"line":18,"column":6}}]},"2":{"type":"branch","line":19,"loc":{"start":{"line":19,"column":4},"end":{"line":21,"column":6}},"locations":[{"start":{"line":19,"column":4},"end":{"line":21,"column":6}}]},"3":{"type":"branch","line":23,"loc":{"start":{"line":23,"column":4},"end":{"line":28,"column":6}},"locations":[{"start":{"line":23,"column":4},"end":{"line":28,"column":6}}]},"4":{"type":"branch","line":24,"loc":{"start":{"line":24,"column":27},"end":{"line":27,"column":11}},"locations":[{"start":{"line":24,"column":27},"end":{"line":27,"column":11}}]},"5":{"type":"branch","line":29,"loc":{"start":{"line":29,"column":4},"end":{"line":35,"column":6}},"locations":[{"start":{"line":29,"column":4},"end":{"line":35,"column":6}}]},"6":{"type":"branch","line":31,"loc":{"start":{"line":31,"column":27},"end":{"line":34,"column":11}},"locations":[{"start":{"line":31,"column":27},"end":{"line":34,"column":11}}]},"7":{"type":"branch","line":36,"loc":{"start":{"line":36,"column":4},"end":{"line":40,"column":6}},"locations":[{"start":{"line":36,"column":4},"end":{"line":40,"column":6}}]},"8":{"type":"branch","line":37,"loc":{"start":{"line":37,"column":37},"end":{"line":39,"column":10}},"locations":[{"start":{"line":37,"column":37},"end":{"line":39,"column":10}}]},"9":{"type":"branch","line":41,"loc":{"start":{"line":41,"column":4},"end":{"line":44,"column":6}},"locations":[{"start":{"line":41,"column":4},"end":{"line":44,"column":6}}]}},"b":{"0":[1],"1":[21],"2":[21],"3":[21],"4":[147],"5":[21],"6":[147],"7":[147],"8":[79],"9":[21]},"fnMap":{"0":{"name":"<instance_members_initializer>","decl":{"start":{"line":3,"column":4},"end":{"line":7,"column":17}},"loc":{"start":{"line":3,"column":4},"end":{"line":7,"column":17}},"line":3},"1":{"name":"stringNumberConvertToStringRomanNumber","decl":{"start":{"line":9,"column":4},"end":{"line":18,"column":6}},"loc":{"start":{"line":9,"column":4},"end":{"line":18,"column":6}},"line":9},"2":{"name":"convertEntryStringNumtoNum","decl":{"start":{"line":19,"column":4},"end":{"line":21,"column":6}},"loc":{"start":{"line":19,"column":4},"end":{"line":21,"column":6}},"line":19},"3":{"name":"cutNumberInParts","decl":{"start":{"line":23,"column":4},"end":{"line":28,"column":6}},"loc":{"start":{"line":23,"column":4},"end":{"line":28,"column":6}},"line":23},"4":{"name":"convertAllNumToRoman","decl":{"start":{"line":29,"column":4},"end":{"line":35,"column":6}},"loc":{"start":{"line":29,"column":4},"end":{"line":35,"column":6}},"line":29},"5":{"name":"convertOneNumToRoman","decl":{"start":{"line":36,"column":4},"end":{"line":40,"column":6}},"loc":{"start":{"line":36,"column":4},"end":{"line":40,"column":6}},"line":36},"6":{"name":"handleException","decl":{"start":{"line":41,"column":4},"end":{"line":44,"column":6}},"loc":{"start":{"line":41,"column":4},"end":{"line":44,"column":6}},"line":41}},"f":{"0":1,"1":21,"2":21,"3":21,"4":21,"5":147,"6":21}}
}
