TN:
SF:kata\RomanNumeral.js
FN:3,<instance_members_initializer>
FN:9,stringNumberConvertToStringRomanNumber
FN:19,convertEntryStringNumtoNum
FN:23,cutNumberInParts
FN:29,convertAllNumToRoman
FN:36,convertOneNumToRoman
FN:41,handleException
FNF:7
FNH:7
FNDA:1,<instance_members_initializer>
FNDA:21,stringNumberConvertToStringRomanNumber
FNDA:21,convertEntryStringNumtoNum
FNDA:21,cutNumberInParts
FNDA:21,convertAllNumToRoman
FNDA:147,convertOneNumToRoman
FNDA:21,handleException
DA:1,1
DA:2,1
DA:3,1
DA:4,1
DA:5,1
DA:6,1
DA:7,1
DA:8,1
DA:9,1
DA:10,21
DA:11,21
DA:12,21
DA:13,21
DA:14,21
DA:15,21
DA:16,21
DA:17,21
DA:18,21
DA:19,1
DA:20,21
DA:21,21
DA:22,1
DA:23,1
DA:24,21
DA:25,147
DA:26,147
DA:27,147
DA:28,21
DA:29,1
DA:30,21
DA:31,21
DA:32,147
DA:33,147
DA:34,147
DA:35,21
DA:36,1
DA:37,147
DA:38,79
DA:39,79
DA:40,147
DA:41,1
DA:42,21
DA:43,21
DA:44,21
DA:45,1
DA:46,1
DA:47,1
LF:47
LH:47
BRDA:3,0,0,1
BRDA:9,1,0,21
BRDA:19,2,0,21
BRDA:23,3,0,21
BRDA:24,4,0,147
BRDA:29,5,0,21
BRDA:31,6,0,147
BRDA:36,7,0,147
BRDA:37,8,0,79
BRDA:41,9,0,21
BRF:10
BRH:10
end_of_record
